<?xml version="1.0" encoding="UTF-8"?>
<testng-results ignored="0" total="8" passed="8" failed="0" skipped="0">
  <reporter-output>
  </reporter-output>
  <suite started-at="2024-06-26T10:24:52 ICT" name="Default suite" finished-at="2024-06-26T10:27:04 ICT" duration-ms="131374">
    <groups>
    </groups>
    <test started-at="2024-06-26T10:24:52 ICT" name="Default test" finished-at="2024-06-26T10:27:04 ICT" duration-ms="131374">
      <class name="test.RWLoginPageTest">
        <test-method signature="RWLoginSuccessTest(java.lang.String,java.lang.String)[pri:1, instance:test.RWLoginPageTest@19e4653c]" started-at="2024-06-26T10:24:52 ICT" name="RWLoginSuccessTest" data-provider="loginSuccess" finished-at="2024-06-26T10:25:18 ICT" duration-ms="25758" status="PASS">
          <params>
            <param index="0">
              <value>
                <![CDATA[charlie.tu@yopmail.com]]>
              </value>
            </param>
            <param index="1">
              <value>
                <![CDATA[Charlie@123]]>
              </value>
            </param>
          </params>
          <reporter-output>
          </reporter-output>
        </test-method> <!-- RWLoginSuccessTest -->
        <test-method signature="RWLoginSuccessTest(java.lang.String,java.lang.String)[pri:1, instance:test.RWLoginPageTest@19e4653c]" started-at="2024-06-26T10:25:18 ICT" name="RWLoginSuccessTest" data-provider="loginSuccess" finished-at="2024-06-26T10:25:34 ICT" duration-ms="15709" status="PASS">
          <params>
            <param index="0">
              <value>
                <![CDATA[cindysysadmin@yopmail.com]]>
              </value>
            </param>
            <param index="1">
              <value>
                <![CDATA[Admin@123]]>
              </value>
            </param>
          </params>
          <reporter-output>
          </reporter-output>
        </test-method> <!-- RWLoginSuccessTest -->
        <test-method signature="RWLoginSuccessTest(java.lang.String,java.lang.String)[pri:1, instance:test.RWLoginPageTest@19e4653c]" started-at="2024-06-26T10:25:34 ICT" name="RWLoginSuccessTest" data-provider="loginSuccess" finished-at="2024-06-26T10:25:51 ICT" duration-ms="17232" status="PASS">
          <params>
            <param index="0">
              <value>
                <![CDATA[cindy.ong16@yopmail.com]]>
              </value>
            </param>
            <param index="1">
              <value>
                <![CDATA[Admin@123]]>
              </value>
            </param>
          </params>
          <reporter-output>
          </reporter-output>
        </test-method> <!-- RWLoginSuccessTest -->
        <test-method signature="RWLoginSuccessTest(java.lang.String,java.lang.String)[pri:1, instance:test.RWLoginPageTest@19e4653c]" started-at="2024-06-26T10:25:51 ICT" name="RWLoginSuccessTest" data-provider="loginSuccess" finished-at="2024-06-26T10:26:06 ICT" duration-ms="14807" status="PASS">
          <params>
            <param index="0">
              <value>
                <![CDATA[cindylender@yopmail.com]]>
              </value>
            </param>
            <param index="1">
              <value>
                <![CDATA[Admin@123]]>
              </value>
            </param>
          </params>
          <reporter-output>
          </reporter-output>
        </test-method> <!-- RWLoginSuccessTest -->
        <test-method signature="RWLoginFailTest(java.lang.String,java.lang.String)[pri:2, instance:test.RWLoginPageTest@19e4653c]" started-at="2024-06-26T10:26:06 ICT" name="RWLoginFailTest" data-provider="loginFail" finished-at="2024-06-26T10:26:23 ICT" duration-ms="17307" status="PASS">
          <params>
            <param index="0">
              <value>
                <![CDATA[]]>
              </value>
            </param>
            <param index="1">
              <value>
                <![CDATA[Charlie@123]]>
              </value>
            </param>
          </params>
          <reporter-output>
          </reporter-output>
        </test-method> <!-- RWLoginFailTest -->
        <test-method signature="RWLoginFailTest(java.lang.String,java.lang.String)[pri:2, instance:test.RWLoginPageTest@19e4653c]" started-at="2024-06-26T10:26:23 ICT" name="RWLoginFailTest" data-provider="loginFail" finished-at="2024-06-26T10:26:36 ICT" duration-ms="12351" status="PASS">
          <params>
            <param index="0">
              <value>
                <![CDATA[cindysysadmin@yopmail.com]]>
              </value>
            </param>
            <param index="1">
              <value>
                <![CDATA[]]>
              </value>
            </param>
          </params>
          <reporter-output>
          </reporter-output>
        </test-method> <!-- RWLoginFailTest -->
        <test-method signature="RWLoginFailTest(java.lang.String,java.lang.String)[pri:2, instance:test.RWLoginPageTest@19e4653c]" started-at="2024-06-26T10:26:36 ICT" name="RWLoginFailTest" data-provider="loginFail" finished-at="2024-06-26T10:26:48 ICT" duration-ms="12199" status="PASS">
          <params>
            <param index="0">
              <value>
                <![CDATA[asdasdwqe@gmail.com]]>
              </value>
            </param>
            <param index="1">
              <value>
                <![CDATA[Admin@123]]>
              </value>
            </param>
          </params>
          <reporter-output>
          </reporter-output>
        </test-method> <!-- RWLoginFailTest -->
        <test-method signature="RWLoginFailTest(java.lang.String,java.lang.String)[pri:2, instance:test.RWLoginPageTest@19e4653c]" started-at="2024-06-26T10:26:48 ICT" name="RWLoginFailTest" data-provider="loginFail" finished-at="2024-06-26T10:27:04 ICT" duration-ms="15948" status="PASS">
          <params>
            <param index="0">
              <value>
                <![CDATA[asdweqwewqe]]>
              </value>
            </param>
            <param index="1">
              <value>
                <![CDATA[Admin@123]]>
              </value>
            </param>
          </params>
          <reporter-output>
          </reporter-output>
        </test-method> <!-- RWLoginFailTest -->
      </class> <!-- test.RWLoginPageTest -->
    </test> <!-- Default test -->
  </suite> <!-- Default suite -->
</testng-results>
