<?xml version="1.0" encoding="UTF-8"?>
<!-- Generated by org.testng.reporters.JUnitXMLReporter -->
<testsuite ignored="2" hostname="LAPTOP-Q5U3QDOQ" failures="0" tests="1" name="Default test" time="16.792" errors="0" timestamp="2024-07-01T10:27:37 ICT">
  <testcase classname="Functionals.AddUserPageTest" name="cancelAddUser" time="16.759"/>
  <testcase classname="Functionals.AddUserPageTest" name="addUserFail" time="0.0">
    <ignored/>
  </testcase> <!-- addUserFail -->
  <testcase classname="Functionals.AddUserPageTest" name="addUserSuccess" time="0.0">
    <ignored/>
  </testcase> <!-- addUserSuccess -->
</testsuite> <!-- Default test -->
