<?xml version="1.0" encoding="UTF-8"?>
<!-- Generated by org.testng.reporters.JUnitXMLReporter -->
<testsuite ignored="2" hostname="LAPTOP-Q5U3QDOQ" failures="0" tests="1" name="Default test" time="21.407" errors="0" timestamp="2024-07-01T08:10:56 ICT">
  <testcase classname="Functionals.SearchUserPageTest" name="searchDataInvalid" time="21.364"/>
  <testcase classname="Functionals.SearchUserPageTest" name="searchDataNotFound" time="0.0">
    <ignored/>
  </testcase> <!-- searchDataNotFound -->
  <testcase classname="Functionals.SearchUserPageTest" name="searchDataFound" time="0.0">
    <ignored/>
  </testcase> <!-- searchDataFound -->
</testsuite> <!-- Default test -->
