<?xml version="1.0" encoding="UTF-8"?>
<testng-results ignored="0" total="1" passed="1" failed="0" skipped="0">
  <reporter-output>
  </reporter-output>
  <suite started-at="2024-07-01T10:27:21 ICT" name="Default suite" finished-at="2024-07-01T10:27:37 ICT" duration-ms="16792">
    <groups>
    </groups>
    <test started-at="2024-07-01T10:27:21 ICT" name="Default test" finished-at="2024-07-01T10:27:37 ICT" duration-ms="16792">
      <class name="Functionals.AddUserPageTest">
        <test-method signature="cancelAddUser()[pri:3, instance:Functionals.AddUserPageTest@3a7442c7]" started-at="2024-07-01T10:27:21 ICT" name="cancelAddUser" finished-at="2024-07-01T10:27:37 ICT" duration-ms="16759" status="PASS">
          <reporter-output>
          </reporter-output>
        </test-method> <!-- cancelAddUser -->
      </class> <!-- Functionals.AddUserPageTest -->
    </test> <!-- Default test -->
  </suite> <!-- Default suite -->
</testng-results>
