<?xml version="1.0" encoding="UTF-8"?>
<testsuite name="Cucumber" time="51.278" tests="2" skipped="0" failures="0" errors="0">
<testcase classname="feature to test add user functionality" name="Add a users with different criteria - #1.1" time="25.955">
<system-out><![CDATA[
Given user is on add user page..............................................passed
When user entering "admin1235", "Admin", "Ravi M B", "Enabled", "admin1235" and "admin1235".passed
And clicks on save button...................................................passed
Then system should navigate to view user page...............................passed
]]></system-out>
</testcase>
<testcase classname="feature to test add user functionality" name="Add a users with different criteria - #1.2" time="25.199">
<system-out><![CDATA[
Given user is on add user page..............................................passed
When user entering "admin123", "Admin", "Ravi M B", "Enabled", "admin123" and "admin123".passed
And clicks on save button...................................................passed
Then system should navigate to view user page...............................passed
]]></system-out>
</testcase>
</testsuite>
