<?xml version="1.0" encoding="UTF-8"?>
<testsuite name="Cucumber" time="0.12" tests="1" skipped="0" failures="0" errors="0">
<testcase classname="feature to test login functionality" name="Check login is successful with valid credentials" time="0.008">
<system-out><![CDATA[
Given user is on login page.................................................passed
When user entering email and password.......................................passed
And clicks on login button..................................................passed
Then user is navigated to the verify page...................................passed
]]></system-out>
</testcase>
</testsuite>
